<?xml version="1.0" encoding="UTF-8"?>
<testng-results ignored="0" total="1" passed="1" failed="0" skipped="0">
  <reporter-output>
  </reporter-output>
  <suite started-at="2021-04-08T00:15:03 GMT-07:00" name="Default suite" finished-at="2021-04-08T00:15:03 GMT-07:00" duration-ms="172">
    <groups>
    </groups>
    <test started-at="2021-04-08T00:15:03 GMT-07:00" name="Default test" finished-at="2021-04-08T00:15:03 GMT-07:00" duration-ms="172">
      <class name="com.acemoney.basics">
        <test-method is-config="true" signature="setUp()[pri:0, instance:com.acemoney.basics@654f0d9c]" started-at="2021-04-08T00:15:03 GMT-07:00" name="setUp" finished-at="2021-04-08T00:15:03 GMT-07:00" duration-ms="50" status="PASS">
          <reporter-output>
          </reporter-output>
        </test-method> <!-- setUp -->
        <test-method signature="verifyTitle()[pri:0, instance:com.acemoney.basics@654f0d9c]" started-at="2021-04-08T00:15:03 GMT-07:00" name="verifyTitle" finished-at="2021-04-08T00:15:03 GMT-07:00" duration-ms="19" status="PASS">
          <reporter-output>
          </reporter-output>
        </test-method> <!-- verifyTitle -->
        <test-method is-config="true" signature="teardown()[pri:0, instance:com.acemoney.basics@654f0d9c]" started-at="2021-04-08T00:15:03 GMT-07:00" name="teardown" finished-at="2021-04-08T00:15:03 GMT-07:00" duration-ms="1" status="PASS">
          <reporter-output>
          </reporter-output>
        </test-method> <!-- teardown -->
      </class> <!-- com.acemoney.basics -->
    </test> <!-- Default test -->
  </suite> <!-- Default suite -->
</testng-results>
